rice-leaf-android/app/build/intermediates/manifest_merge_blame_file/debug/manifest-merger-blame-debug-report.txt
1<?xml version="1.0" encoding="utf-8"?>
2<manifest xmlns:android="http://schemas.android.com/apk/res/android"
3    package="com.riceleaf.app"
4    android:versionCode="1"
5    android:versionName="1.0.0" >
6
7    <uses-sdk
8        android:minSdkVersion="26"
9        android:targetSdkVersion="34" />
10
11    <uses-feature
11-->src/main/AndroidManifest.xml:4:5-85
12        android:name="android.hardware.camera"
12-->src/main/AndroidManifest.xml:4:19-57
13        android:required="false" />
13-->src/main/AndroidManifest.xml:4:58-82
14
15    <uses-permission android:name="android.permission.CAMERA" />
15-->src/main/AndroidManifest.xml:6:5-65
15-->src/main/AndroidManifest.xml:6:22-62
16    <uses-permission android:name="android.permission.INTERNET" />
16-->src/main/AndroidManifest.xml:7:5-67
16-->src/main/AndroidManifest.xml:7:22-64
17    <uses-permission android:name="android.permission.ACCESS_NETWORK_STATE" />
17-->src/main/AndroidManifest.xml:8:5-79
17-->src/main/AndroidManifest.xml:8:22-76
18
19    <permission
19-->[androidx.core:core:1.12.0] AndroidManifest.xml:22:5-24:47
20        android:name="com.riceleaf.app.DYNAMIC_RECEIVER_NOT_EXPORTED_PERMISSION"
20-->[androidx.core:core:1.12.0] AndroidManifest.xml:23:9-81
21        android:protectionLevel="signature" />
21-->[androidx.core:core:1.12.0] AndroidManifest.xml:24:9-44
22
23    <uses-permission android:name="com.riceleaf.app.DYNAMIC_RECEIVER_NOT_EXPORTED_PERMISSION" />
23-->[androidx.core:core:1.12.0] AndroidManifest.xml:26:5-97
23-->[androidx.core:core:1.12.0] AndroidManifest.xml:26:22-94
24
25    <application
25-->src/main/AndroidManifest.xml:10:5-28:19
26        android:name="com.riceleaf.app.RiceLeafApp"
26-->src/main/AndroidManifest.xml:11:9-36
27        android:allowBackup="true"
27-->src/main/AndroidManifest.xml:12:9-35
28        android:appComponentFactory="androidx.core.app.CoreComponentFactory"
28-->[androidx.core:core:1.12.0] AndroidManifest.xml:28:18-86
29        android:debuggable="true"
30        android:extractNativeLibs="false"
31        android:icon="@mipmap/ic_launcher"
31-->src/main/AndroidManifest.xml:13:9-43
32        android:label="@string/app_name"
32-->src/main/AndroidManifest.xml:14:9-41
33        android:supportsRtl="true"
33-->src/main/AndroidManifest.xml:15:9-35
34        android:theme="@style/Theme.RiceLeaf"
34-->src/main/AndroidManifest.xml:16:9-46
35        android:usesCleartextTraffic="true" >
35-->src/main/AndroidManifest.xml:17:9-44
36        <activity
36-->src/main/AndroidManifest.xml:19:9-27:20
37            android:name="com.riceleaf.app.MainActivity"
37-->src/main/AndroidManifest.xml:20:13-41
38            android:exported="true"
38-->src/main/AndroidManifest.xml:21:13-36
39            android:theme="@style/Theme.RiceLeaf" >
39-->src/main/AndroidManifest.xml:22:13-50
40            <intent-filter>
40-->src/main/AndroidManifest.xml:23:13-26:29
41                <action android:name="android.intent.action.MAIN" />
41-->src/main/AndroidManifest.xml:24:17-69
41-->src/main/AndroidManifest.xml:24:25-66
42
43                <category android:name="android.intent.category.LAUNCHER" />
43-->src/main/AndroidManifest.xml:25:17-77
43-->src/main/AndroidManifest.xml:25:27-74
44            </intent-filter>
45        </activity>
46
47        <service
47-->[androidx.camera:camera-camera2:1.3.2] AndroidManifest.xml:24:9-33:19
48            android:name="androidx.camera.core.impl.MetadataHolderService"
48-->[androidx.camera:camera-camera2:1.3.2] AndroidManifest.xml:25:13-75
49            android:enabled="false"
49-->[androidx.camera:camera-camera2:1.3.2] AndroidManifest.xml:26:13-36
50            android:exported="false" >
50-->[androidx.camera:camera-camera2:1.3.2] AndroidManifest.xml:27:13-37
51            <meta-data
51-->[androidx.camera:camera-camera2:1.3.2] AndroidManifest.xml:30:13-32:89
52                android:name="androidx.camera.core.impl.MetadataHolderService.DEFAULT_CONFIG_PROVIDER"
52-->[androidx.camera:camera-camera2:1.3.2] AndroidManifest.xml:31:17-103
53                android:value="androidx.camera.camera2.Camera2Config$DefaultProvider" />
53-->[androidx.camera:camera-camera2:1.3.2] AndroidManifest.xml:32:17-86
54        </service>
55
56        <activity
56-->[androidx.compose.ui:ui-test-manifest:1.6.1] AndroidManifest.xml:23:9-25:39
57            android:name="androidx.activity.ComponentActivity"
57-->[androidx.compose.ui:ui-test-manifest:1.6.1] AndroidManifest.xml:24:13-63
58            android:exported="true" />
58-->[androidx.compose.ui:ui-test-manifest:1.6.1] AndroidManifest.xml:25:13-36
59        <activity
59-->[androidx.compose.ui:ui-tooling-android:1.6.1] AndroidManifest.xml:23:9-25:39
60            android:name="androidx.compose.ui.tooling.PreviewActivity"
60-->[androidx.compose.ui:ui-tooling-android:1.6.1] AndroidManifest.xml:24:13-71
61            android:exported="true" />
61-->[androidx.compose.ui:ui-tooling-android:1.6.1] AndroidManifest.xml:25:13-36
62
63        <provider
63-->[androidx.emoji2:emoji2:1.3.0] AndroidManifest.xml:24:9-32:20
64            android:name="androidx.startup.InitializationProvider"
64-->[androidx.emoji2:emoji2:1.3.0] AndroidManifest.xml:25:13-67
65            android:authorities="com.riceleaf.app.androidx-startup"
65-->[androidx.emoji2:emoji2:1.3.0] AndroidManifest.xml:26:13-68
66            android:exported="false" >
66-->[androidx.emoji2:emoji2:1.3.0] AndroidManifest.xml:27:13-37
67            <meta-data
67-->[androidx.emoji2:emoji2:1.3.0] AndroidManifest.xml:29:13-31:52
68                android:name="androidx.emoji2.text.EmojiCompatInitializer"
68-->[androidx.emoji2:emoji2:1.3.0] AndroidManifest.xml:30:17-75
69                android:value="androidx.startup" />
69-->[androidx.emoji2:emoji2:1.3.0] AndroidManifest.xml:31:17-49
70            <meta-data
70-->[androidx.lifecycle:lifecycle-process:2.7.0] AndroidManifest.xml:29:13-31:52
71                android:name="androidx.lifecycle.ProcessLifecycleInitializer"
71-->[androidx.lifecycle:lifecycle-process:2.7.0] AndroidManifest.xml:30:17-78
72                android:value="androidx.startup" />
72-->[androidx.lifecycle:lifecycle-process:2.7.0] AndroidManifest.xml:31:17-49
73            <meta-data
73-->[androidx.profileinstaller:profileinstaller:1.3.1] AndroidManifest.xml:29:13-31:52
74                android:name="androidx.profileinstaller.ProfileInstallerInitializer"
74-->[androidx.profileinstaller:profileinstaller:1.3.1] AndroidManifest.xml:30:17-85
75                android:value="androidx.startup" />
75-->[androidx.profileinstaller:profileinstaller:1.3.1] AndroidManifest.xml:31:17-49
76        </provider>
77
78        <receiver
78-->[androidx.profileinstaller:profileinstaller:1.3.1] AndroidManifest.xml:34:9-52:20
79            android:name="androidx.profileinstaller.ProfileInstallReceiver"
79-->[androidx.profileinstaller:profileinstaller:1.3.1] AndroidManifest.xml:35:13-76
80            android:directBootAware="false"
80-->[androidx.profileinstaller:profileinstaller:1.3.1] AndroidManifest.xml:36:13-44
81            android:enabled="true"
81-->[androidx.profileinstaller:profileinstaller:1.3.1] AndroidManifest.xml:37:13-35
82            android:exported="true"
82-->[androidx.profileinstaller:profileinstaller:1.3.1] AndroidManifest.xml:38:13-36
83            android:permission="android.permission.DUMP" >
83-->[androidx.profileinstaller:profileinstaller:1.3.1] AndroidManifest.xml:39:13-57
84            <intent-filter>
84-->[androidx.profileinstaller:profileinstaller:1.3.1] AndroidManifest.xml:40:13-42:29
85                <action android:name="androidx.profileinstaller.action.INSTALL_PROFILE" />
85-->[androidx.profileinstaller:profileinstaller:1.3.1] AndroidManifest.xml:41:17-91
85-->[androidx.profileinstaller:profileinstaller:1.3.1] AndroidManifest.xml:41:25-88
86            </intent-filter>
87            <intent-filter>
87-->[androidx.profileinstaller:profileinstaller:1.3.1] AndroidManifest.xml:43:13-45:29
88                <action android:name="androidx.profileinstaller.action.SKIP_FILE" />
88-->[androidx.profileinstaller:profileinstaller:1.3.1] AndroidManifest.xml:44:17-85
88-->[androidx.profileinstaller:profileinstaller:1.3.1] AndroidManifest.xml:44:25-82
89            </intent-filter>
90            <intent-filter>
90-->[androidx.profileinstaller:profileinstaller:1.3.1] AndroidManifest.xml:46:13-48:29
91                <action android:name="androidx.profileinstaller.action.SAVE_PROFILE" />
91-->[androidx.profileinstaller:profileinstaller:1.3.1] AndroidManifest.xml:47:17-88
91-->[androidx.profileinstaller:profileinstaller:1.3.1] AndroidManifest.xml:47:25-85
92            </intent-filter>
93            <intent-filter>
93-->[androidx.profileinstaller:profileinstaller:1.3.1] AndroidManifest.xml:49:13-51:29
94                <action android:name="androidx.profileinstaller.action.BENCHMARK_OPERATION" />
94-->[androidx.profileinstaller:profileinstaller:1.3.1] AndroidManifest.xml:50:17-95
94-->[androidx.profileinstaller:profileinstaller:1.3.1] AndroidManifest.xml:50:25-92
95            </intent-filter>
96        </receiver>
97    </application>
98
99</manifest>